This file contains any messages produced by compilers while
running configure, to aid debugging if configure makes a mistake.

It was created by VHPOP configure 3.0, which was
generated by GNU Autoconf 2.57.  Invocation command line was

  $ ./configure 

## --------- ##
## Platform. ##
## --------- ##

hostname = qaz-Aspire-5742
uname -m = x86_64
uname -r = 3.13.0-46-generic
uname -s = Linux
uname -v = #77-Ubuntu SMP Mon Mar 2 18:23:39 UTC 2015

/usr/bin/uname -p = unknown
/bin/uname -X     = unknown

/bin/arch              = unknown
/usr/bin/arch -k       = unknown
/usr/convex/getsysinfo = unknown
hostinfo               = unknown
/bin/machine           = unknown
/usr/bin/oslevel       = unknown
/bin/universe          = unknown

PATH: /usr/local/sbin
PATH: /usr/local/bin
PATH: /usr/sbin
PATH: /usr/bin
PATH: /sbin
PATH: /bin
PATH: /usr/games
PATH: /usr/local/games


## ----------- ##
## Core tests. ##
## ----------- ##

configure:1329: checking for a BSD-compatible install
configure:1383: result: /usr/bin/install -c
configure:1394: checking whether build environment is sane
configure:1437: result: yes
configure:1470: checking for gawk
configure:1499: result: no
configure:1470: checking for mawk
configure:1486: found /usr/bin/mawk
configure:1496: result: mawk
configure:1506: checking whether make sets $(MAKE)
configure:1526: result: yes
configure:1731: checking for g++
configure:1747: found /usr/bin/g++
configure:1757: result: g++
configure:1773: checking for C++ compiler version
configure:1776: g++ --version </dev/null >&5
g++ (Ubuntu 4.8.2-19ubuntu1) 4.8.2
Copyright (C) 2013 Free Software Foundation, Inc.
This is free software; see the source for copying conditions.  There is NO
warranty; not even for MERCHANTABILITY or FITNESS FOR A PARTICULAR PURPOSE.

configure:1779: $? = 0
configure:1781: g++ -v </dev/null >&5
Using built-in specs.
COLLECT_GCC=g++
COLLECT_LTO_WRAPPER=/usr/lib/gcc/x86_64-linux-gnu/4.8/lto-wrapper
Target: x86_64-linux-gnu
Configured with: ../src/configure -v --with-pkgversion='Ubuntu 4.8.2-19ubuntu1' --with-bugurl=file:///usr/share/doc/gcc-4.8/README.Bugs --enable-languages=c,c++,java,go,d,fortran,objc,obj-c++ --prefix=/usr --program-suffix=-4.8 --enable-shared --enable-linker-build-id --libexecdir=/usr/lib --without-included-gettext --enable-threads=posix --with-gxx-include-dir=/usr/include/c++/4.8 --libdir=/usr/lib --enable-nls --with-sysroot=/ --enable-clocale=gnu --enable-libstdcxx-debug --enable-libstdcxx-time=yes --enable-gnu-unique-object --disable-libmudflap --enable-plugin --with-system-zlib --disable-browser-plugin --enable-java-awt=gtk --enable-gtk-cairo --with-java-home=/usr/lib/jvm/java-1.5.0-gcj-4.8-amd64/jre --enable-java-home --with-jvm-root-dir=/usr/lib/jvm/java-1.5.0-gcj-4.8-amd64 --with-jvm-jar-dir=/usr/lib/jvm-exports/java-1.5.0-gcj-4.8-amd64 --with-arch-directory=amd64 --with-ecj-jar=/usr/share/java/eclipse-ecj.jar --enable-objc-gc --enable-multiarch --disable-werror --with-arch-32=i686 --with-abi=m64 --with-multilib-list=m32,m64,mx32 --with-tune=generic --enable-checking=release --build=x86_64-linux-gnu --host=x86_64-linux-gnu --target=x86_64-linux-gnu
Thread model: posix
gcc version 4.8.2 (Ubuntu 4.8.2-19ubuntu1) 
configure:1784: $? = 0
configure:1786: g++ -V </dev/null >&5
g++: error: unrecognized command line option '-V'
g++: fatal error: no input files
compilation terminated.
configure:1789: $? = 4
configure:1813: checking for C++ compiler default output
configure:1816: g++    conftest.cc  >&5
configure:1819: $? = 0
configure:1865: result: a.out
configure:1870: checking whether the C++ compiler works
configure:1876: ./a.out
configure:1879: $? = 0
configure:1896: result: yes
configure:1903: checking whether we are cross compiling
configure:1905: result: no
configure:1908: checking for suffix of executables
configure:1910: g++ -o conftest    conftest.cc  >&5
configure:1913: $? = 0
configure:1938: result: 
configure:1944: checking for suffix of object files
configure:1966: g++ -c   conftest.cc >&5
configure:1969: $? = 0
configure:1991: result: o
configure:1995: checking whether we are using the GNU C++ compiler
configure:2020: g++ -c   conftest.cc >&5
configure:2023: $? = 0
configure:2026: test -s conftest.o
configure:2029: $? = 0
configure:2042: result: yes
configure:2048: checking whether g++ accepts -g
configure:2070: g++ -c -g  conftest.cc >&5
configure:2073: $? = 0
configure:2076: test -s conftest.o
configure:2079: $? = 0
configure:2090: result: yes
configure:2134: g++ -c -g -O2  conftest.cc >&5
configure:2137: $? = 0
configure:2140: test -s conftest.o
configure:2143: $? = 0
configure:2170: g++ -c -g -O2  conftest.cc >&5
configure: In function 'int main()':
configure:2167:9: error: 'exit' was not declared in this scope
 }
         ^
configure:2173: $? = 1
configure: failed program was:
| #line 2153 "configure"
| /* confdefs.h.  */
| 
| #define PACKAGE_NAME "VHPOP"
| #define PACKAGE_TARNAME "vhpop"
| #define PACKAGE_VERSION "3.0"
| #define PACKAGE_STRING "VHPOP 3.0"
| #define PACKAGE_BUGREPORT "lorens@cs.cmu.edu"
| #define PACKAGE "vhpop"
| #define VERSION "3.0"
| /* end confdefs.h.  */
| 
| int
| main ()
| {
| exit (42);
|   ;
|   return 0;
| }
configure:2134: g++ -c -g -O2  conftest.cc >&5
configure:2137: $? = 0
configure:2140: test -s conftest.o
configure:2143: $? = 0
configure:2170: g++ -c -g -O2  conftest.cc >&5
configure:2173: $? = 0
configure:2176: test -s conftest.o
configure:2179: $? = 0
configure:2221: checking for style of include used by make
configure:2249: result: GNU
configure:2277: checking dependency style of g++
configure:2339: result: gcc3
configure:2390: checking for gcc
configure:2406: found /usr/bin/gcc
configure:2416: result: gcc
configure:2660: checking for C compiler version
configure:2663: gcc --version </dev/null >&5
gcc (Ubuntu 4.8.2-19ubuntu1) 4.8.2
Copyright (C) 2013 Free Software Foundation, Inc.
This is free software; see the source for copying conditions.  There is NO
warranty; not even for MERCHANTABILITY or FITNESS FOR A PARTICULAR PURPOSE.

configure:2666: $? = 0
configure:2668: gcc -v </dev/null >&5
Using built-in specs.
COLLECT_GCC=gcc
COLLECT_LTO_WRAPPER=/usr/lib/gcc/x86_64-linux-gnu/4.8/lto-wrapper
Target: x86_64-linux-gnu
Configured with: ../src/configure -v --with-pkgversion='Ubuntu 4.8.2-19ubuntu1' --with-bugurl=file:///usr/share/doc/gcc-4.8/README.Bugs --enable-languages=c,c++,java,go,d,fortran,objc,obj-c++ --prefix=/usr --program-suffix=-4.8 --enable-shared --enable-linker-build-id --libexecdir=/usr/lib --without-included-gettext --enable-threads=posix --with-gxx-include-dir=/usr/include/c++/4.8 --libdir=/usr/lib --enable-nls --with-sysroot=/ --enable-clocale=gnu --enable-libstdcxx-debug --enable-libstdcxx-time=yes --enable-gnu-unique-object --disable-libmudflap --enable-plugin --with-system-zlib --disable-browser-plugin --enable-java-awt=gtk --enable-gtk-cairo --with-java-home=/usr/lib/jvm/java-1.5.0-gcj-4.8-amd64/jre --enable-java-home --with-jvm-root-dir=/usr/lib/jvm/java-1.5.0-gcj-4.8-amd64 --with-jvm-jar-dir=/usr/lib/jvm-exports/java-1.5.0-gcj-4.8-amd64 --with-arch-directory=amd64 --with-ecj-jar=/usr/share/java/eclipse-ecj.jar --enable-objc-gc --enable-multiarch --disable-werror --with-arch-32=i686 --with-abi=m64 --with-multilib-list=m32,m64,mx32 --with-tune=generic --enable-checking=release --build=x86_64-linux-gnu --host=x86_64-linux-gnu --target=x86_64-linux-gnu
Thread model: posix
gcc version 4.8.2 (Ubuntu 4.8.2-19ubuntu1) 
configure:2671: $? = 0
configure:2673: gcc -V </dev/null >&5
gcc: error: unrecognized command line option '-V'
gcc: fatal error: no input files
compilation terminated.
configure:2676: $? = 4
configure:2679: checking whether we are using the GNU C compiler
configure:2704: gcc -c   conftest.c >&5
configure:2707: $? = 0
configure:2710: test -s conftest.o
configure:2713: $? = 0
configure:2726: result: yes
configure:2732: checking whether gcc accepts -g
configure:2754: gcc -c -g  conftest.c >&5
configure:2757: $? = 0
configure:2760: test -s conftest.o
configure:2763: $? = 0
configure:2774: result: yes
configure:2791: checking for gcc option to accept ANSI C
configure:2852: gcc  -c -g -O2  conftest.c >&5
configure:2855: $? = 0
configure:2858: test -s conftest.o
configure:2861: $? = 0
configure:2879: result: none needed
configure:2897: gcc -c -g -O2  conftest.c >&5
conftest.c:2:3: error: unknown type name 'choke'
   choke me
   ^
conftest.c:2:3: error: expected '=', ',', ';', 'asm' or '__attribute__' at end of input
configure:2900: $? = 1
configure: failed program was:
| #ifndef __cplusplus
|   choke me
| #endif
configure:3011: checking dependency style of gcc
configure:3073: result: gcc3
configure:3090: checking for a BSD-compatible install
configure:3144: result: /usr/bin/install -c
configure:3159: checking for gawk
configure:3185: result: mawk
configure:3200: checking for flex
configure:3216: found /usr/bin/flex
configure:3226: result: flex
configure:3239: checking for yywrap in -lfl
configure:3270: gcc -o conftest -g -O2   conftest.c -lfl   >&5
configure:3273: $? = 0
configure:3276: test -s conftest
configure:3279: $? = 0
configure:3291: result: yes
configure:3359: checking lex output file root
configure:3370: flex conftest.l
configure:3373: $? = 0
configure:3385: result: lex.yy
configure:3390: checking whether yytext is a pointer
configure:3406: gcc -o conftest -g -O2   conftest.c  -lfl >&5
configure:3409: $? = 0
configure:3412: test -s conftest
configure:3415: $? = 0
configure:3428: result: yes
configure:3446: checking for bison
configure:3462: found /usr/bin/bison
configure:3472: result: bison -y
configure:3493: checking for library containing gettext
configure:3524: g++ -o conftest -g -O2   conftest.cc  >&5
configure:3527: $? = 0
configure:3530: test -s conftest
configure:3533: $? = 0
configure:3592: result: none required
configure:3606: checking how to run the C++ preprocessor
configure:3638: g++ -E  conftest.cc
configure:3644: $? = 0
configure:3676: g++ -E  conftest.cc
configure:3681:28: fatal error: ac_nonexistent.h: No such file or directory
   cat conftest.err >&5
                            ^
compilation terminated.
configure:3682: $? = 1
configure: failed program was:
| #line 3667 "configure"
| /* confdefs.h.  */
| 
| #define PACKAGE_NAME "VHPOP"
| #define PACKAGE_TARNAME "vhpop"
| #define PACKAGE_VERSION "3.0"
| #define PACKAGE_STRING "VHPOP 3.0"
| #define PACKAGE_BUGREPORT "lorens@cs.cmu.edu"
| #define PACKAGE "vhpop"
| #define VERSION "3.0"
| #ifdef __cplusplus
| #include <stdlib.h>
| #endif
| #define YYTEXT_POINTER 1
| /* end confdefs.h.  */
| #include <ac_nonexistent.h>
configure:3720: result: g++ -E
configure:3745: g++ -E  conftest.cc
configure:3751: $? = 0
configure:3783: g++ -E  conftest.cc
configure:3788:28: fatal error: ac_nonexistent.h: No such file or directory
   cat conftest.err >&5
                            ^
compilation terminated.
configure:3789: $? = 1
configure: failed program was:
| #line 3774 "configure"
| /* confdefs.h.  */
| 
| #define PACKAGE_NAME "VHPOP"
| #define PACKAGE_TARNAME "vhpop"
| #define PACKAGE_VERSION "3.0"
| #define PACKAGE_STRING "VHPOP 3.0"
| #define PACKAGE_BUGREPORT "lorens@cs.cmu.edu"
| #define PACKAGE "vhpop"
| #define VERSION "3.0"
| #ifdef __cplusplus
| #include <stdlib.h>
| #endif
| #define YYTEXT_POINTER 1
| /* end confdefs.h.  */
| #include <ac_nonexistent.h>
configure:3832: checking for egrep
configure:3842: result: grep -E
configure:3849: checking for working alloca.h
configure:3871: g++ -o conftest -g -O2   conftest.cc  >&5
configure:3874: $? = 0
configure:3877: test -s conftest
configure:3880: $? = 0
configure:3891: result: yes
configure:3901: checking for alloca
configure:3943: g++ -o conftest -g -O2   conftest.cc  >&5
configure:3922:0: warning: "alloca" redefined [enabled by default]
 #  else
 ^
In file included from /usr/include/stdlib.h:492:0,
                 from configure:3916:
/usr/include/alloca.h:35:0: note: this is the location of the previous definition
 # define alloca(size) __builtin_alloca (size)
 ^
configure:3946: $? = 0
configure:3949: test -s conftest
configure:3952: $? = 0
configure:3963: result: yes
configure:4170: checking for ANSI C header files
configure:4196: g++ -c -g -O2  conftest.cc >&5
configure:4199: $? = 0
configure:4202: test -s conftest.o
configure:4205: $? = 0
configure:4297: g++ -o conftest -g -O2   conftest.cc  >&5
configure:4300: $? = 0
configure:4302: ./conftest
configure:4305: $? = 0
configure:4320: result: yes
configure:4344: checking for sys/types.h
configure:4361: g++ -c -g -O2  conftest.cc >&5
configure:4364: $? = 0
configure:4367: test -s conftest.o
configure:4370: $? = 0
configure:4381: result: yes
configure:4344: checking for sys/stat.h
configure:4361: g++ -c -g -O2  conftest.cc >&5
configure:4364: $? = 0
configure:4367: test -s conftest.o
configure:4370: $? = 0
configure:4381: result: yes
configure:4344: checking for stdlib.h
configure:4361: g++ -c -g -O2  conftest.cc >&5
configure:4364: $? = 0
configure:4367: test -s conftest.o
configure:4370: $? = 0
configure:4381: result: yes
configure:4344: checking for string.h
configure:4361: g++ -c -g -O2  conftest.cc >&5
configure:4364: $? = 0
configure:4367: test -s conftest.o
configure:4370: $? = 0
configure:4381: result: yes
configure:4344: checking for memory.h
configure:4361: g++ -c -g -O2  conftest.cc >&5
configure:4364: $? = 0
configure:4367: test -s conftest.o
configure:4370: $? = 0
configure:4381: result: yes
configure:4344: checking for strings.h
configure:4361: g++ -c -g -O2  conftest.cc >&5
configure:4364: $? = 0
configure:4367: test -s conftest.o
configure:4370: $? = 0
configure:4381: result: yes
configure:4344: checking for inttypes.h
configure:4361: g++ -c -g -O2  conftest.cc >&5
configure:4364: $? = 0
configure:4367: test -s conftest.o
configure:4370: $? = 0
configure:4381: result: yes
configure:4344: checking for stdint.h
configure:4361: g++ -c -g -O2  conftest.cc >&5
configure:4364: $? = 0
configure:4367: test -s conftest.o
configure:4370: $? = 0
configure:4381: result: yes
configure:4344: checking for unistd.h
configure:4361: g++ -c -g -O2  conftest.cc >&5
configure:4364: $? = 0
configure:4367: test -s conftest.o
configure:4370: $? = 0
configure:4381: result: yes
configure:4413: checking libintl.h usability
configure:4426: g++ -c -g -O2  conftest.cc >&5
configure:4429: $? = 0
configure:4432: test -s conftest.o
configure:4435: $? = 0
configure:4445: result: yes
configure:4449: checking libintl.h presence
configure:4460: g++ -E  conftest.cc
configure:4466: $? = 0
configure:4485: result: yes
configure:4521: checking for libintl.h
configure:4528: result: yes
configure:4404: checking for stdlib.h
configure:4409: result: yes
configure:4404: checking for string.h
configure:4409: result: yes
configure:4404: checking for strings.h
configure:4409: result: yes
configure:4413: checking sys/time.h usability
configure:4426: g++ -c -g -O2  conftest.cc >&5
configure:4429: $? = 0
configure:4432: test -s conftest.o
configure:4435: $? = 0
configure:4445: result: yes
configure:4449: checking sys/time.h presence
configure:4460: g++ -E  conftest.cc
configure:4466: $? = 0
configure:4485: result: yes
configure:4521: checking for sys/time.h
configure:4528: result: yes
configure:4404: checking for unistd.h
configure:4409: result: yes
configure:4413: checking sstream usability
configure:4426: g++ -c -g -O2  conftest.cc >&5
configure:4429: $? = 0
configure:4432: test -s conftest.o
configure:4435: $? = 0
configure:4445: result: yes
configure:4449: checking sstream presence
configure:4460: g++ -E  conftest.cc
configure:4466: $? = 0
configure:4485: result: yes
configure:4521: checking for sstream
configure:4528: result: yes
configure:4543: checking for an ANSI C-conforming const
configure:4611: g++ -c -g -O2  conftest.cc >&5
configure:4614: $? = 0
configure:4617: test -s conftest.o
configure:4620: $? = 0
configure:4631: result: yes
configure:4641: checking for inline
configure:4663: g++ -c -g -O2  conftest.cc >&5
configure:4666: $? = 0
configure:4669: test -s conftest.o
configure:4672: $? = 0
configure:4684: result: inline
configure:4699: checking for size_t
configure:4724: g++ -c -g -O2  conftest.cc >&5
configure:4727: $? = 0
configure:4730: test -s conftest.o
configure:4733: $? = 0
configure:4744: result: yes
configure:4763: checking for stdlib.h
configure:4768: result: yes
configure:4900: checking for GNU libc compatible malloc
configure:4930: g++ -o conftest -g -O2   conftest.cc  >&5
configure:4933: $? = 0
configure:4935: ./conftest
configure:4938: $? = 0
configure:4952: result: yes
configure:4984: checking for atexit
configure:5034: g++ -o conftest -g -O2   conftest.cc  >&5
configure:5040:14: error: declaration of C function 'char atexit()' conflicts with
   { (eval echo "$as_me:$LINENO: \"$ac_try\"") >&5
              ^
In file included from configure:4999:0:
/usr/include/stdlib.h:519:12: error: previous declaration 'int atexit(void (*)())' here
 extern int atexit (void (*__func) (void)) __THROW __nonnull ((1));
            ^
configure: In function 'int main()':
configure:5056:13: error: assuming cast to type 'char (*)()' from overloaded function [-fpermissive]
 if test `eval echo '${'$as_ac_var'}'` = yes; then
             ^
configure:5037: $? = 1
configure: failed program was:
| #line 4989 "configure"
| /* confdefs.h.  */
| 
| #define PACKAGE_NAME "VHPOP"
| #define PACKAGE_TARNAME "vhpop"
| #define PACKAGE_VERSION "3.0"
| #define PACKAGE_STRING "VHPOP 3.0"
| #define PACKAGE_BUGREPORT "lorens@cs.cmu.edu"
| #define PACKAGE "vhpop"
| #define VERSION "3.0"
| #ifdef __cplusplus
| #include <stdlib.h>
| #endif
| #define YYTEXT_POINTER 1
| #define HAVE_ALLOCA_H 1
| #define HAVE_ALLOCA 1
| #define STDC_HEADERS 1
| #define HAVE_SYS_TYPES_H 1
| #define HAVE_SYS_STAT_H 1
| #define HAVE_STDLIB_H 1
| #define HAVE_STRING_H 1
| #define HAVE_MEMORY_H 1
| #define HAVE_STRINGS_H 1
| #define HAVE_INTTYPES_H 1
| #define HAVE_STDINT_H 1
| #define HAVE_UNISTD_H 1
| #define HAVE_LIBINTL_H 1
| #define HAVE_STDLIB_H 1
| #define HAVE_STRING_H 1
| #define HAVE_STRINGS_H 1
| #define HAVE_SYS_TIME_H 1
| #define HAVE_UNISTD_H 1
| #define HAVE_SSTREAM 1
| #define HAVE_STDLIB_H 1
| #define HAVE_MALLOC 1
| /* end confdefs.h.  */
| /* System header to define __stub macros and hopefully few prototypes,
|     which can conflict with char atexit (); below.
|     Prefer <limits.h> to <assert.h> if __STDC__ is defined, since
|     <limits.h> exists even on freestanding compilers.  */
| #ifdef __STDC__
| # include <limits.h>
| #else
| # include <assert.h>
| #endif
| /* Override any gcc2 internal prototype to avoid an error.  */
| #ifdef __cplusplus
| extern "C"
| {
| #endif
| /* We use char because int might match the return type of a gcc2
|    builtin and then its argument prototype would still apply.  */
| char atexit ();
| /* The GNU C library defines this for functions which it implements
|     to always fail with ENOSYS.  Some functions are actually named
|     something starting with __ and the normal name is an alias.  */
| #if defined (__stub_atexit) || defined (__stub___atexit)
| choke me
| #else
| char (*f) () = atexit;
| #endif
| #ifdef __cplusplus
| }
| #endif
| 
| int
| main ()
| {
| return f != atexit;
|   ;
|   return 0;
| }
configure:5054: result: no
configure:4984: checking for memset
configure:5034: g++ -o conftest -g -O2   conftest.cc  >&5
configure:5037: $? = 0
configure:5040: test -s conftest
configure:5043: $? = 0
configure:5054: result: yes
configure:4984: checking for select
configure:5034: g++ -o conftest -g -O2   conftest.cc  >&5
configure:5041:14: error: declaration of C function 'char select()' conflicts with
   (eval $ac_try) 2>&5
              ^
In file included from /usr/include/x86_64-linux-gnu/sys/types.h:219:0,
                 from /usr/include/stdlib.h:314,
                 from configure:4999:
/usr/include/x86_64-linux-gnu/sys/select.h:106:12: error: previous declaration 'int select(int, fd_set*, fd_set*, fd_set*, timeval*)' here
 extern int select (int __nfds, fd_set *__restrict __readfds,
            ^
configure: In function 'int main()':
configure:5057:13: error: assuming cast to type 'char (*)()' from overloaded function [-fpermissive]
   cat >>confdefs.h <<_ACEOF
             ^
configure:5037: $? = 1
configure: failed program was:
| #line 4989 "configure"
| /* confdefs.h.  */
| 
| #define PACKAGE_NAME "VHPOP"
| #define PACKAGE_TARNAME "vhpop"
| #define PACKAGE_VERSION "3.0"
| #define PACKAGE_STRING "VHPOP 3.0"
| #define PACKAGE_BUGREPORT "lorens@cs.cmu.edu"
| #define PACKAGE "vhpop"
| #define VERSION "3.0"
| #ifdef __cplusplus
| #include <stdlib.h>
| #endif
| #define YYTEXT_POINTER 1
| #define HAVE_ALLOCA_H 1
| #define HAVE_ALLOCA 1
| #define STDC_HEADERS 1
| #define HAVE_SYS_TYPES_H 1
| #define HAVE_SYS_STAT_H 1
| #define HAVE_STDLIB_H 1
| #define HAVE_STRING_H 1
| #define HAVE_MEMORY_H 1
| #define HAVE_STRINGS_H 1
| #define HAVE_INTTYPES_H 1
| #define HAVE_STDINT_H 1
| #define HAVE_UNISTD_H 1
| #define HAVE_LIBINTL_H 1
| #define HAVE_STDLIB_H 1
| #define HAVE_STRING_H 1
| #define HAVE_STRINGS_H 1
| #define HAVE_SYS_TIME_H 1
| #define HAVE_UNISTD_H 1
| #define HAVE_SSTREAM 1
| #define HAVE_STDLIB_H 1
| #define HAVE_MALLOC 1
| #define HAVE_MEMSET 1
| /* end confdefs.h.  */
| /* System header to define __stub macros and hopefully few prototypes,
|     which can conflict with char select (); below.
|     Prefer <limits.h> to <assert.h> if __STDC__ is defined, since
|     <limits.h> exists even on freestanding compilers.  */
| #ifdef __STDC__
| # include <limits.h>
| #else
| # include <assert.h>
| #endif
| /* Override any gcc2 internal prototype to avoid an error.  */
| #ifdef __cplusplus
| extern "C"
| {
| #endif
| /* We use char because int might match the return type of a gcc2
|    builtin and then its argument prototype would still apply.  */
| char select ();
| /* The GNU C library defines this for functions which it implements
|     to always fail with ENOSYS.  Some functions are actually named
|     something starting with __ and the normal name is an alias.  */
| #if defined (__stub_select) || defined (__stub___select)
| choke me
| #else
| char (*f) () = select;
| #endif
| #ifdef __cplusplus
| }
| #endif
| 
| int
| main ()
| {
| return f != select;
|   ;
|   return 0;
| }
configure:5054: result: no
configure:4984: checking for strcasecmp
configure:5034: g++ -o conftest -g -O2   conftest.cc  >&5
configure:5037: $? = 0
configure:5040: test -s conftest
configure:5043: $? = 0
configure:5054: result: yes
configure:4984: checking for strerror
configure:5034: g++ -o conftest -g -O2   conftest.cc  >&5
configure:5037: $? = 0
configure:5040: test -s conftest
configure:5043: $? = 0
configure:5054: result: yes
configure:4984: checking for strncasecmp
configure:5034: g++ -o conftest -g -O2   conftest.cc  >&5
configure:5037: $? = 0
configure:5040: test -s conftest
configure:5043: $? = 0
configure:5054: result: yes
configure:5068: checking for getopt_long
configure:5118: g++ -o conftest -g -O2   conftest.cc  >&5
configure:5121: $? = 0
configure:5124: test -s conftest
configure:5127: $? = 0
configure:5138: result: yes
configure:5154: checking for isinf
configure:5204: g++ -o conftest -g -O2   conftest.cc  >&5
configure:5207: $? = 0
configure:5210: test -s conftest
configure:5213: $? = 0
configure:5224: result: yes
configure:5498: creating ./config.status

## ---------------------- ##
## Running config.status. ##
## ---------------------- ##

This file was extended by VHPOP config.status 3.0, which was
generated by GNU Autoconf 2.57.  Invocation command line was

  CONFIG_FILES    = 
  CONFIG_HEADERS  = 
  CONFIG_LINKS    = 
  CONFIG_COMMANDS = 
  $ ./config.status 

on qaz-Aspire-5742

config.status:657: creating Makefile
config.status:761: creating config.h
config.status:902: config.h is unchanged
config.status:1008: executing depfiles commands

## ---------------- ##
## Cache variables. ##
## ---------------- ##

ac_cv_c_compiler_gnu=yes
ac_cv_c_const=yes
ac_cv_c_inline=inline
ac_cv_cxx_compiler_gnu=yes
ac_cv_env_CC_set=
ac_cv_env_CC_value=
ac_cv_env_CFLAGS_set=
ac_cv_env_CFLAGS_value=
ac_cv_env_CPPFLAGS_set=
ac_cv_env_CPPFLAGS_value=
ac_cv_env_CXXCPP_set=
ac_cv_env_CXXCPP_value=
ac_cv_env_CXXFLAGS_set=
ac_cv_env_CXXFLAGS_value=
ac_cv_env_CXX_set=
ac_cv_env_CXX_value=
ac_cv_env_LDFLAGS_set=
ac_cv_env_LDFLAGS_value=
ac_cv_env_build_alias_set=
ac_cv_env_build_alias_value=
ac_cv_env_host_alias_set=
ac_cv_env_host_alias_value=
ac_cv_env_target_alias_set=
ac_cv_env_target_alias_value=
ac_cv_exeext=
ac_cv_func_alloca_works=yes
ac_cv_func_atexit=no
ac_cv_func_getopt_long=yes
ac_cv_func_isinf=yes
ac_cv_func_malloc_0_nonnull=yes
ac_cv_func_memset=yes
ac_cv_func_select=no
ac_cv_func_strcasecmp=yes
ac_cv_func_strerror=yes
ac_cv_func_strncasecmp=yes
ac_cv_header_inttypes_h=yes
ac_cv_header_libintl_h=yes
ac_cv_header_memory_h=yes
ac_cv_header_sstream=yes
ac_cv_header_stdc=yes
ac_cv_header_stdint_h=yes
ac_cv_header_stdlib_h=yes
ac_cv_header_string_h=yes
ac_cv_header_strings_h=yes
ac_cv_header_sys_stat_h=yes
ac_cv_header_sys_time_h=yes
ac_cv_header_sys_types_h=yes
ac_cv_header_unistd_h=yes
ac_cv_lib_fl_yywrap=yes
ac_cv_objext=o
ac_cv_path_install='/usr/bin/install -c'
ac_cv_prog_AWK=mawk
ac_cv_prog_CXXCPP='g++ -E'
ac_cv_prog_LEX=flex
ac_cv_prog_YACC='bison -y'
ac_cv_prog_ac_ct_CC=gcc
ac_cv_prog_ac_ct_CXX=g++
ac_cv_prog_cc_g=yes
ac_cv_prog_cc_stdc=
ac_cv_prog_cxx_g=yes
ac_cv_prog_egrep='grep -E'
ac_cv_prog_lex_root=lex.yy
ac_cv_prog_lex_yytext_pointer=yes
ac_cv_prog_make_make_set=yes
ac_cv_search_gettext='none required'
ac_cv_type_size_t=yes
ac_cv_working_alloca_h=yes
am_cv_CC_dependencies_compiler_type=gcc3
am_cv_CXX_dependencies_compiler_type=gcc3

## ----------------- ##
## Output variables. ##
## ----------------- ##

ACLOCAL='${SHELL} /home/qaz/POP/vhpop_CS15S005/missing --run aclocal-1.6'
ALLOCA=''
AMDEPBACKSLASH='\'
AMDEP_FALSE='#'
AMDEP_TRUE=''
AMTAR='${SHELL} /home/qaz/POP/vhpop_CS15S005/missing --run tar'
AUTOCONF='${SHELL} /home/qaz/POP/vhpop_CS15S005/missing --run autoconf'
AUTOHEADER='${SHELL} /home/qaz/POP/vhpop_CS15S005/missing --run autoheader'
AUTOMAKE='${SHELL} /home/qaz/POP/vhpop_CS15S005/missing --run automake-1.6'
AWK='mawk'
CC='gcc'
CCDEPMODE='depmode=gcc3'
CFLAGS='-g -O2'
CPPFLAGS=''
CXX='g++'
CXXCPP='g++ -E'
CXXDEPMODE='depmode=gcc3'
CXXFLAGS='-g -O2'
DEFS='-DHAVE_CONFIG_H'
DEPDIR='.deps'
ECHO_C=''
ECHO_N='-n'
ECHO_T=''
EGREP='grep -E'
EXEEXT=''
INSTALL_DATA='${INSTALL} -m 644'
INSTALL_PROGRAM='${INSTALL}'
INSTALL_SCRIPT='${INSTALL}'
INSTALL_STRIP_PROGRAM='${SHELL} $(install_sh) -c -s'
LDFLAGS=''
LEX='flex'
LEXLIB='-lfl'
LEX_OUTPUT_ROOT='lex.yy'
LIBOBJS=''
LIBS=''
LTLIBOBJS=''
MAKEINFO='${SHELL} /home/qaz/POP/vhpop_CS15S005/missing --run makeinfo'
OBJEXT='o'
PACKAGE='vhpop'
PACKAGE_BUGREPORT='lorens@cs.cmu.edu'
PACKAGE_NAME='VHPOP'
PACKAGE_STRING='VHPOP 3.0'
PACKAGE_TARNAME='vhpop'
PACKAGE_VERSION='3.0'
PATH_SEPARATOR=':'
SET_MAKE=''
SHELL='/bin/bash'
STRIP=''
VERSION='3.0'
YACC='bison -y'
ac_ct_CC='gcc'
ac_ct_CXX='g++'
ac_ct_STRIP=''
am__include='include'
am__quote=''
bindir='${exec_prefix}/bin'
build_alias=''
datadir='${prefix}/share'
exec_prefix='${prefix}'
host_alias=''
includedir='${prefix}/include'
infodir='${prefix}/info'
install_sh='/home/qaz/POP/vhpop_CS15S005/install-sh'
libdir='${exec_prefix}/lib'
libexecdir='${exec_prefix}/libexec'
localstatedir='${prefix}/var'
mandir='${prefix}/man'
oldincludedir='/usr/include'
prefix='/usr/local'
program_transform_name='s,x,x,'
sbindir='${exec_prefix}/sbin'
sharedstatedir='${prefix}/com'
sysconfdir='${prefix}/etc'
target_alias=''

## ----------- ##
## confdefs.h. ##
## ----------- ##

#define HAVE_ALLOCA 1
#define HAVE_ALLOCA_H 1
#define HAVE_GETOPT_LONG 1
#define HAVE_INTTYPES_H 1
#define HAVE_ISINF 1
#define HAVE_LIBINTL_H 1
#define HAVE_MALLOC 1
#define HAVE_MEMORY_H 1
#define HAVE_MEMSET 1
#define HAVE_SSTREAM 1
#define HAVE_STDINT_H 1
#define HAVE_STDLIB_H 1
#define HAVE_STDLIB_H 1
#define HAVE_STDLIB_H 1
#define HAVE_STRCASECMP 1
#define HAVE_STRERROR 1
#define HAVE_STRINGS_H 1
#define HAVE_STRINGS_H 1
#define HAVE_STRING_H 1
#define HAVE_STRING_H 1
#define HAVE_STRNCASECMP 1
#define HAVE_SYS_STAT_H 1
#define HAVE_SYS_TIME_H 1
#define HAVE_SYS_TYPES_H 1
#define HAVE_UNISTD_H 1
#define HAVE_UNISTD_H 1
#define PACKAGE "vhpop"
#define PACKAGE_BUGREPORT "lorens@cs.cmu.edu"
#define PACKAGE_NAME "VHPOP"
#define PACKAGE_STRING "VHPOP 3.0"
#define PACKAGE_TARNAME "vhpop"
#define PACKAGE_VERSION "3.0"
#define STDC_HEADERS 1
#define VERSION "3.0"
#define YYTEXT_POINTER 1
#endif
#ifdef __cplusplus
#include <stdlib.h>

configure: exit 0
